<?xml version="1.0" encoding="utf-8"?><testsuites><testsuite name="pytest" errors="0" failures="0" skipped="0" tests="4" time="37.020" timestamp="2023-06-03T23:35:40.896741" hostname="Sil3nTKill3R"><testcase classname="test_HomePage.TestHomePage" name="test_formSubmission[getData0]" time="9.122" /><testcase classname="test_HomePage.TestHomePage" name="test_formSubmission[getData1]" time="6.925" /><testcase classname="test_e2e.TestOne" name="test_e2e" time="8.899" /><testcase classname="test_e2e_1.TestOne" name="test_e2e_1" time="11.996" /></testsuite></testsuites>